# JRE version: Java(TM) SE Runtime Environment (8.0_121-b13) (build 1.8.0_121-b13)
# Java VM: Java HotSpot(TM) Client VM (25.121-b13 mixed mode windows-x86 )
Heap:
 def new generation   total 13824K, used 10519K [0x05200000, 0x060f0000, 0x0a750000)
  eden space 12352K,  80% used [0x05200000, 0x05ba6d48, 0x05e10000)
  from space 1472K,  43% used [0x05f80000, 0x0601f148, 0x060f0000)
  to   space 1472K,   0% used [0x05e10000, 0x05e10000, 0x05f80000)
 tenured generation   total 30468K, used 23560K [0x0a750000, 0x0c511000, 0x15200000)
   the space 30468K,  77% used [0x0a750000, 0x0be52018, 0x0be52200, 0x0c511000)
 Metaspace       used 5270K, capacity 5292K, committed 5376K, reserved 5504K
GC Heap History (10 events):
Event: 16.055 GC heap before
{Heap before GC invocations=30 (full 3):
 def new generation   total 13824K, used 13149K [0x05200000, 0x060f0000, 0x0a750000)
  eden space 12352K, 100% used [0x05200000, 0x05e10000, 0x05e10000)
  from space 1472K,  54% used [0x05e10000, 0x05ed7770, 0x05f80000)
  to   space 1472K,   0% used [0x05f80000, 0x05f80000, 0x060f0000)
 tenured generation   total 30468K, used 21711K [0x0a750000, 0x0c511000, 0x15200000)
   the space 30468K,  71% used [0x0a750000, 0x0bc83de0, 0x0bc83e00, 0x0c511000)
 Metaspace       used 5254K, capacity 5292K, committed 5376K, reserved 5504K
Event: 16.074 GC heap after
Heap after GC invocations=31 (full 3):
 def new generation   total 13824K, used 789K [0x05200000, 0x060f0000, 0x0a750000)
  eden space 12352K,   0% used [0x05200000, 0x05200000, 0x05e10000)
  from space 1472K,  53% used [0x05f80000, 0x060456d0, 0x060f0000)
  to   space 1472K,   0% used [0x05e10000, 0x05e10000, 0x05f80000)
 tenured generation   total 30468K, used 22088K [0x0a750000, 0x0c511000, 0x15200000)
   the space 30468K,  72% used [0x0a750000, 0x0bce21d0, 0x0bce2200, 0x0c511000)
 Metaspace       used 5254K, capacity 5292K, committed 5376K, reserved 5504K
}
Event: 16.692 GC heap before
{Heap before GC invocations=31 (full 3):
 def new generation   total 13824K, used 13141K [0x05200000, 0x060f0000, 0x0a750000)
  eden space 12352K, 100% used [0x05200000, 0x05e10000, 0x05e10000)
  from space 1472K,  53% used [0x05f80000, 0x060456d0, 0x060f0000)
  to   space 1472K,   0% used [0x05e10000, 0x05e10000, 0x05f80000)
 tenured generation   total 30468K, used 22088K [0x0a750000, 0x0c511000, 0x15200000)
   the space 30468K,  72% used [0x0a750000, 0x0bce21d0, 0x0bce2200, 0x0c511000)
 Metaspace       used 5254K, capacity 5292K, committed 5376K, reserved 5504K
Event: 16.710 GC heap after
Heap after GC invocations=32 (full 3):
 def new generation   total 13824K, used 720K [0x05200000, 0x060f0000, 0x0a750000)
  eden space 12352K,   0% used [0x05200000, 0x05200000, 0x05e10000)
  from space 1472K,  48% used [0x05e10000, 0x05ec4338, 0x05f80000)
  to   space 1472K,   0% used [0x05f80000, 0x05f80000, 0x060f0000)
 tenured generation   total 30468K, used 22439K [0x0a750000, 0x0c511000, 0x15200000)
   the space 30468K,  73% used [0x0a750000, 0x0bd39ed0, 0x0bd3a000, 0x0c511000)
 Metaspace       used 5254K, capacity 5292K, committed 5376K, reserved 5504K
}
Event: 17.856 GC heap before
{Heap before GC invocations=32 (full 3):
 def new generation   total 13824K, used 13072K [0x05200000, 0x060f0000, 0x0a750000)
  eden space 12352K, 100% used [0x05200000, 0x05e10000, 0x05e10000)
  from space 1472K,  48% used [0x05e10000, 0x05ec4338, 0x05f80000)
  to   space 1472K,   0% used [0x05f80000, 0x05f80000, 0x060f0000)
 tenured generation   total 30468K, used 22439K [0x0a750000, 0x0c511000, 0x15200000)
   the space 30468K,  73% used [0x0a750000, 0x0bd39ed0, 0x0bd3a000, 0x0c511000)
 Metaspace       used 5270K, capacity 5292K, committed 5376K, reserved 5504K
Event: 17.876 GC heap after
Heap after GC invocations=33 (full 3):
 def new generation   total 13824K, used 1193K [0x05200000, 0x060f0000, 0x0a750000)
  eden space 12352K,   0% used [0x05200000, 0x05200000, 0x05e10000)
  from space 1472K,  81% used [0x05f80000, 0x060aa658, 0x060f0000)
  to   space 1472K,   0% used [0x05e10000, 0x05e10000, 0x05f80000)
 tenured generation   total 30468K, used 22439K [0x0a750000, 0x0c511000, 0x15200000)
   the space 30468K,  73% used [0x0a750000, 0x0bd39ed0, 0x0bd3a000, 0x0c511000)
 Metaspace       used 5270K, capacity 5292K, committed 5376K, reserved 5504K
}
Event: 18.502 GC heap before
{Heap before GC invocations=33 (full 3):
 def new generation   total 13824K, used 13545K [0x05200000, 0x060f0000, 0x0a750000)
  eden space 12352K, 100% used [0x05200000, 0x05e10000, 0x05e10000)
  from space 1472K,  81% used [0x05f80000, 0x060aa658, 0x060f0000)
  to   space 1472K,   0% used [0x05e10000, 0x05e10000, 0x05f80000)
 tenured generation   total 30468K, used 22439K [0x0a750000, 0x0c511000, 0x15200000)
   the space 30468K,  73% used [0x0a750000, 0x0bd39ed0, 0x0bd3a000, 0x0c511000)
 Metaspace       used 5270K, capacity 5292K, committed 5376K, reserved 5504K
Event: 18.526 GC heap after
Heap after GC invocations=34 (full 3):
 def new generation   total 13824K, used 871K [0x05200000, 0x060f0000, 0x0a750000)
  eden space 12352K,   0% used [0x05200000, 0x05200000, 0x05e10000)
  from space 1472K,  59% used [0x05e10000, 0x05ee9cb0, 0x05f80000)
  to   space 1472K,   0% used [0x05f80000, 0x05f80000, 0x060f0000)
 tenured generation   total 30468K, used 23039K [0x0a750000, 0x0c511000, 0x15200000)
   the space 30468K,  75% used [0x0a750000, 0x0bdcfcb8, 0x0bdcfe00, 0x0c511000)
 Metaspace       used 5270K, capacity 5292K, committed 5376K, reserved 5504K
}
Event: 19.213 GC heap before
{Heap before GC invocations=34 (full 3):
 def new generation   total 13824K, used 13223K [0x05200000, 0x060f0000, 0x0a750000)
  eden space 12352K, 100% used [0x05200000, 0x05e10000, 0x05e10000)
  from space 1472K,  59% used [0x05e10000, 0x05ee9cb0, 0x05f80000)
  to   space 1472K,   0% used [0x05f80000, 0x05f80000, 0x060f0000)
 tenured generation   total 30468K, used 23039K [0x0a750000, 0x0c511000, 0x15200000)
   the space 30468K,  75% used [0x0a750000, 0x0bdcfcb8, 0x0bdcfe00, 0x0c511000)
 Metaspace       used 5270K, capacity 5292K, committed 5376K, reserved 5504K
Event: 19.232 GC heap after
Heap after GC invocations=35 (full 3):
 def new generation   total 13824K, used 636K [0x05200000, 0x060f0000, 0x0a750000)
  eden space 12352K,   0% used [0x05200000, 0x05200000, 0x05e10000)
  from space 1472K,  43% used [0x05f80000, 0x0601f148, 0x060f0000)
  to   space 1472K,   0% used [0x05e10000, 0x05e10000, 0x05f80000)
 tenured generation   total 30468K, used 23560K [0x0a750000, 0x0c511000, 0x15200000)
   the space 30468K,  77% used [0x0a750000, 0x0be52018, 0x0be52200, 0x0c511000)
 Metaspace       used 5270K, capacity 5292K, committed 5376K, reserved 5504K
}

